<?xml version="1.0" encoding="UTF-8"?>
<!-- Generated by org.testng.reporters.JUnitReportReporter -->
<testsuite hostname="DESKTOP-MFVO9II" name="selenium.gittest.NewTest" tests="1" failures="0" timestamp="12 Nov 2018 16:42:44 GMT" time="0.024" errors="0">
  <testcase name="f" time="0.024" classname="selenium.gittest.NewTest"/>
</testsuite> <!-- selenium.gittest.NewTest -->
